\BOOKMARK [1][-]{section.1}{\376\377\000M\000\364\000\040\000t\036\243\000\040\000v\000\340\000\040\000t\000i\036\301\000n\000\040\000x\036\355\000\040\000l\000\375\000\040\000d\036\357\000\040\000l\000i\036\307\000u}{}% 1
\BOOKMARK [2][-]{subsection.1.1}{\376\377\000M\000\364\000\040\000t\036\243\000\040\000d\036\357\000\040\000l\000i\036\307\000u}{section.1}% 2
\BOOKMARK [3][-]{subsubsection.1.1.1}{\376\377\000C\036\245\000u\000\040\000t\000r\000\372\000c\000\040\000t\036\255\000p\000\040\000t\000i\000n}{subsection.1.1}% 3
\BOOKMARK [3][-]{subsubsection.1.1.2}{\376\377\001\020\036\313\000n\000h\000\040\000d\036\241\000n\000g\000\040\000n\036\331\000i\000\040\000t\036\241\000i\000\040\000v\000\340\000\040\000M\000e\000t\000a\000d\000a\000t\000a\000\040\000\050\000I\000n\000t\000e\000r\000n\000a\000l\000\040\000F\000o\000r\000m\000a\000t\000\040\000a\000n\000d\000\040\000M\000e\000t\000a\000d\000a\000t\000a\000\051}{subsection.1.1}% 4
\BOOKMARK [3][-]{subsubsection.1.1.3}{\376\377\001\020\036\267\000c\000\040\000t\036\243\000\040\000c\000h\000i\000\040\000t\000i\036\277\000t\000\040\000d\036\357\000\040\000l\000i\036\307\000u}{subsection.1.1}% 5
\BOOKMARK [2][-]{subsection.1.2}{\376\377\000T\000i\036\301\000n\000\040\000x\036\355\000\040\000l\000\375\000\040\000d\036\357\000\040\000l\000i\036\307\000u}{section.1}% 6
\BOOKMARK [3][-]{subsubsection.1.2.1}{\376\377\000T\000h\000u\000\040\000t\000h\036\255\000p\000\040\000v\000\340\000\040\001\021\036\315\000c\000\040\000d\036\357\000\040\000l\000i\036\307\000u\000\040\000t\000h\000\364\000\040\000\050\000D\000a\000t\000a\000\040\000L\000o\000a\000d\000i\000n\000g\000\051}{subsection.1.2}% 7
\BOOKMARK [3][-]{subsubsection.1.2.2}{\376\377\000C\000h\000u\036\251\000n\000\040\000h\000o\000\341\000\040\000v\000\340\000\040\000t\000r\000\355\000c\000h\000\040\000x\000u\036\245\000t\000\040\001\021\036\267\000c\000\040\000t\000r\001\260\000n\000g\000\040\000\050\000F\000e\000a\000t\000u\000r\000e\000\040\000E\000x\000t\000r\000a\000c\000t\000i\000o\000n\000\051}{subsection.1.2}% 8
\BOOKMARK [3][-]{subsubsection.1.2.3}{\376\377\000P\000h\000\342\000n\000\040\000c\000h\000i\000a\000\040\000d\036\357\000\040\000l\000i\036\307\000u\000\040\000\050\000D\000a\000t\000a\000\040\000S\000p\000l\000i\000t\000t\000i\000n\000g\000\051}{subsection.1.2}% 9
\BOOKMARK [1][-]{section.2}{\376\377\000N\036\301\000n\000\040\000t\036\243\000n\000g\000\040\000t\000o\000\341\000n\000\040\000h\036\315\000c\000\040\000v\000\340\000\040\000t\000r\000i\036\303\000n\000\040\000k\000h\000a\000i\000\040\000m\000\364\000\040\000h\000\354\000n\000h}{}% 10
\BOOKMARK [2][-]{subsection.2.1}{\376\377\000N\036\301\000n\000\040\000t\036\243\000n\000g\000\040\000t\000o\000\341\000n\000\040\000h\036\315\000c}{section.2}% 11
\BOOKMARK [3][-]{subsubsection.2.1.1}{\376\377\000M\000\364\000\040\000h\000\354\000n\000h\000\040\000S\000o\000f\000t\000m\000a\000x\000\040\000R\000e\000g\000r\000e\000s\000s\000i\000o\000n}{subsection.2.1}% 12
\BOOKMARK [3][-]{subsubsection.2.1.2}{\376\377\000H\000\340\000m\000\040\000m\036\245\000t\000\040\000m\000\341\000t\000\040\000\050\000L\000o\000s\000s\000\040\000F\000u\000n\000c\000t\000i\000o\000n\000\051}{subsection.2.1}% 13
\BOOKMARK [3][-]{subsubsection.2.1.3}{\376\377\000G\000i\036\243\000i\000\040\000t\000h\000u\036\255\000t\000\040\000t\036\321\000i\000\040\001\260\000u\000\040\000G\000r\000a\000d\000i\000e\000n\000t\000\040\000D\000e\000s\000c\000e\000n\000t}{subsection.2.1}% 14
\BOOKMARK [3][-]{subsubsection.2.1.4}{\376\377\000Q\000u\000y\000\040\000t\000r\000\354\000n\000h\000\040\000h\000u\036\245\000n\000\040\000l\000u\000y\036\307\000n\000\040\000m\000\364\000\040\000h\000\354\000n\000h}{subsection.2.1}% 15
\BOOKMARK [3][-]{subsubsection.2.1.5}{\376\377\000Q\000u\000y\000\040\000t\000r\000\354\000n\000h\000\040\000s\000u\000y\000\040\000d\000i\036\305\000n\000\040\000v\000\340\000\040\000d\036\361\000\040\001\021\000o\000\341\000n}{subsection.2.1}% 16
\BOOKMARK [1][-]{section.3}{\376\377\000T\000h\000i\036\277\000t\000\040\000k\036\277\000\040\000c\000\341\000c\000\040\000f\000e\000a\000t\000u\000r\000e\000\040\000v\000e\000c\000t\000o\000r}{}% 17
\BOOKMARK [2][-]{subsection.3.1}{\376\377\000F\000e\000a\000t\000u\000r\000e\000\040\000v\000e\000c\000t\000o\000r\000\040\0001\000:\000\040\001\020\036\267\000c\000\040\000t\000r\001\260\000n\000g\000\040\000c\001\260\036\335\000n\000g\000\040\001\021\036\331\000\040\001\021\000i\036\303\000m\000\040\036\243\000n\000h\000\040\000\050\000R\000a\000w\000\040\000P\000i\000x\000e\000l\000\040\000I\000n\000t\000e\000n\000s\000i\000t\000y\000\051}{section.3}% 18
\BOOKMARK [3][-]{subsubsection.3.1.1}{\376\377\000B\000i\036\303\000u\000\040\000d\000i\036\305\000n\000\040\000v\000e\000c\000t\000o\000r\000\040\000h\000o\000\341\000\040\000\050\000V\000e\000c\000t\000o\000r\000i\000z\000a\000t\000i\000o\000n\000\051}{subsection.3.1}% 19
\BOOKMARK [3][-]{subsubsection.3.1.2}{\376\377\000C\000h\000u\036\251\000n\000\040\000h\000o\000\341\000\040\000d\036\357\000\040\000l\000i\036\307\000u\000\040\000\050\000D\000a\000t\000a\000\040\000N\000o\000r\000m\000a\000l\000i\000z\000a\000t\000i\000o\000n\000\051}{subsection.3.1}% 20
\BOOKMARK [2][-]{subsection.3.2}{\376\377\000F\000e\000a\000t\000u\000r\000e\000\040\000v\000e\000c\000t\000o\000r\000\040\0002\000:\000\040\000T\000r\000\355\000c\000h\000\040\000x\000u\036\245\000t\000\040\001\021\036\267\000c\000\040\000t\000r\001\260\000n\000g\000\040\000b\000i\000\352\000n\000\040\000\050\000E\000d\000g\000e\000\040\000f\000e\000a\000t\000u\000r\000e\000\051}{section.3}% 21
\BOOKMARK [3][-]{subsubsection.3.2.1}{\376\377\000N\000g\000u\000y\000\352\000n\000\040\000l\000\375\000\040\000t\000o\000\341\000n\000\040\000h\036\315\000c\000\040\000c\036\347\000a\000\040\000t\000h\000u\036\255\000t\000\040\000t\000o\000\341\000n\000\040\000C\000a\000n\000n\000y\000\040\000c\000a\000n\000n\000y\0001\0009\0008\0006\000c\000o\000m\000p\000u\000t\000a\000t\000i\000o\000n\000a\000l}{subsection.3.2}% 22
\BOOKMARK [3][-]{subsubsection.3.2.2}{\376\377\000K\036\371\000\040\000t\000h\000u\036\255\000t\000\040\000p\000h\000\342\000n\000\040\000n\000g\001\260\036\341\000n\000g\000\040\000t\000r\036\305\000\040\000\050\000H\000y\000s\000t\000e\000r\000e\000s\000i\000s\000\040\000T\000h\000r\000e\000s\000h\000o\000l\000d\000i\000n\000g\000\051}{subsection.3.2}% 23
\BOOKMARK [3][-]{subsubsection.3.2.3}{\376\377\000Q\000u\000y\000\040\000t\000r\000\354\000n\000h\000\040\000t\000i\036\301\000n\000\040\000x\036\355\000\040\000l\000\375\000\040\000v\000\340\000\040\000b\000i\036\303\000u\000\040\000d\000i\036\305\000n\000\040\001\021\036\267\000c\000\040\000t\000r\001\260\000n\000g}{subsection.3.2}% 24
\BOOKMARK [3][-]{subsubsection.3.2.4}{\376\377\000\335\000\040\000n\000g\000h\001\051\000a}{subsection.3.2}% 25
\BOOKMARK [2][-]{subsection.3.3}{\376\377\000F\000e\000a\000t\000u\000r\000e\000\040\000v\000e\000c\000t\000o\000r\000\040\0003\000:\000\040\000G\000i\036\243\000m\000\040\000d\000i\000m\000e\000n\000s\000i\000o\000n\000\040\000b\036\261\000n\000g\000\040\000b\000l\000o\000c\000k\000\040\000a\000v\000e\000r\000a\000g\000i\000n\000g}{section.3}% 26
\BOOKMARK [1][-]{section.4}{\376\377\001\020\000\341\000n\000h\000\040\000g\000i\000\341\000\040\000v\000\340\000\040\000p\000h\000\342\000n\000\040\000t\000\355\000c\000h\000\040\000k\036\277\000t\000\040\000q\000u\036\243}{}% 27
\BOOKMARK [2][-]{subsection.4.1}{\376\377\000K\036\277\000t\000\040\000q\000u\036\243\000\040\000d\036\361\000\040\001\021\000o\000\341\000n\000\040\000c\036\347\000a\000\040\000m\000\364\000\040\000h\000\354\000n\000h\000\040\000v\036\333\000i\000\040\000t\036\353\000n\000g\000\040\000l\000o\036\241\000i\000\040\001\021\036\267\000c\000\040\000t\000r\001\260\000n\000g}{section.4}% 28
\BOOKMARK [2][-]{subsection.4.2}{\376\377\000S\000o\000\040\000s\000\341\000n\000h\000\040\000g\000i\036\357\000a\000\040\000c\000\341\000c\000\040\001\021\036\267\000c\000\040\000t\000r\001\260\000n\000g\000\040\000v\036\333\000i\000\040\000n\000h\000a\000u}{section.4}% 29
\BOOKMARK [2][-]{subsection.4.3}{\376\377\000P\000h\000\342\000n\000\040\000t\000\355\000c\000h\000\040\000c\000h\000i\000\040\000t\000i\036\277\000t\000\040\000q\000u\000a\000\040\000m\000a\000\040\000t\000r\036\255\000n\000\040\000n\000h\036\247\000m\000\040\000l\036\253\000n\000\040\000\050\000C\000o\000n\000f\000u\000s\000i\000o\000n\000\040\000M\000a\000t\000r\000i\000x\000\051}{section.4}% 30
\BOOKMARK [1][-]{section.5}{\376\377\000M\000\364\000\040\000t\036\243\000\040\036\351\000n\000g\000\040\000d\036\345\000n\000g}{}% 31
\BOOKMARK [1][-]{section.6}{\376\377\000K\036\277\000t\000\040\000l\000u\036\255\000n\000\040\000v\000\340\000\040\000n\000h\036\255\000n\000\040\001\021\036\313\000n\000h}{}% 32
\BOOKMARK [2][-]{subsection.6.1}{\376\377\000T\036\325\000n\000g\000\040\000k\036\277\000t\000\040\000k\036\277\000t\000\040\000q\000u\036\243\000\040\000t\000h\036\361\000c\000\040\000n\000g\000h\000i\036\307\000m}{section.6}% 33
\BOOKMARK [2][-]{subsection.6.2}{\376\377\000N\000h\036\255\000n\000\040\001\021\036\313\000n\000h\000\040\000v\000\340\000\040\000p\000h\000\342\000n\000\040\000t\000\355\000c\000h}{section.6}% 34
\BOOKMARK [2][-]{subsection.6.3}{\376\377\000C\036\243\000i\000\040\000t\000i\036\277\000n\000\040\001\021\036\301\000\040\000x\000u\036\245\000t}{section.6}% 35
\BOOKMARK [1][-]{section.7}{\376\377\000T\000\340\000i\000\040\000l\000i\036\307\000u\000\040\000t\000h\000a\000m\000\040\000k\000h\036\243\000o}{}% 36
